
ROM used: 278 (3%)
          278 (3%) including unused fragments

          1 Average locations per line
          4 Average locations per statement

RAM used: 7 (4%) at main() level
          17 (10%) worst case

Lines Stmts  %   Files
----- ----- ---  -----
   31    11  15  C:\Users\josse\Documents\7 semestre\ChavaCano\programa 7\programa 3.c
  280     0   0  C:\Program Files (x86)\PICC\devices\16f877.h
  180    63  74  C:\Program Files (x86)\PICC\drivers\lcd.c
----- -----
  982   148 Total

Page ROM  %  RAM  Functions:
---- --- --- ---  ----------
0     21   8   1  @delay_ms1
0      8   3   0  @const43
0     13   5   1  lcd_send_nibble
0     58  21   3  lcd_send_byte
0     44  16   2  lcd_init
0     18   6   4  lcd_gotoxy
0     37  13   1  lcd_putc
0     63  23   2  main
0      6   2   0  @const10098
0      6   2   0  @const10104

 Segment   Used  Free
---------  ----  ----
00000-00003     4  0  
00004-007FF   274  1770  
00800-00FFF     0  2048  
01000-017FF     0  2048  
01800-01FFF     0  2048  

