CCS PCM C Compiler, Version 3.249, 28193               06-nov.-23 08:52

               Filename: C:\Users\josse\Documents\7 semestre\ChavaCano\programa 7\programa7.lst

               ROM used: 313 words (4%)
                         Largest free fragment is 2048
               RAM used: 8 (5%) at main() level
                         18 (10%) worst case
               Stack:    4 locations

*
0000:  MOVLW  00
0001:  MOVWF  0A
0002:  GOTO   0D7
0003:  NOP
.................... #include <16f877.h> 
.................... //////// Standard Header file for the PIC16F877 device //////////////// 
.................... #device PIC16F877 
.................... #list 
....................  
.................... #FUSES XT,NOWDT,NOPROTECT,PUT 
.................... #USE DELAY( CLOCK=4000000) 
0018:  MOVLW  25
0019:  MOVWF  04
001A:  MOVF   00,W
001B:  BTFSC  03.2
001C:  GOTO   02C
001D:  MOVLW  01
001E:  MOVWF  78
001F:  CLRF   77
0020:  DECFSZ 77,F
0021:  GOTO   020
0022:  DECFSZ 78,F
0023:  GOTO   01F
0024:  MOVLW  4A
0025:  MOVWF  77
0026:  DECFSZ 77,F
0027:  GOTO   026
0028:  NOP
0029:  NOP
002A:  DECFSZ 00,F
002B:  GOTO   01D
002C:  RETLW  00
.................... #include <lcd.c> 
.................... /////////////////////////////////////////////////////////////////////////// 
.................... ////                             LCDD.C                                //// 
.................... ////                 Driver for common LCD modules                     //// 
.................... ////                                                                   //// 
.................... ////  lcd_init()   Must be called before any other function.           //// 
.................... ////                                                                   //// 
.................... ////  lcd_putc(c)  Will display c on the next position of the LCD.     //// 
.................... ////                     The following have special meaning:           //// 
.................... ////                      \f  Clear display                            //// 
.................... ////                      \n  Go to start of second line               //// 
.................... ////                      \b  Move back one position                   //// 
.................... ////                                                                   //// 
.................... ////  lcd_gotoxy(x,y) Set write position on LCD (upper left is 1,1)    //// 
.................... ////                                                                   //// 
.................... ////  lcd_getc(x,y)   Returns character at position x,y on LCD         //// 
.................... ////                                                                   //// 
.................... /////////////////////////////////////////////////////////////////////////// 
.................... ////        (C) Copyright 1996,2003 Custom Computer Services           //// 
.................... //// This source code may only be used by licensed users of the CCS C  //// 
.................... //// compiler.  This source code may only be distributed to other      //// 
.................... //// licensed users of the CCS C compiler.  No other use, reproduction //// 
.................... //// or distribution is permitted without written permission.          //// 
.................... //// Derivative programs created using this software in object code    //// 
.................... //// form are not restricted in any way.                               //// 
.................... /////////////////////////////////////////////////////////////////////////// 
....................  
.................... // As defined in the following structure the pin connection is as follows: 
.................... //     D0  enable 
.................... //     D1  rs 
.................... //     D2  rw 
.................... //     D4  D4 
.................... //     D5  D5 
.................... //     D6  D6 
.................... //     D7  D7 
.................... // 
.................... //   LCD pins D0-D3 are not used and PIC D3 is not used. 
....................  
.................... // Un-comment the following define to use port B 
.................... // #define use_portb_lcd TRUE 
....................  
....................  
.................... struct lcd_pin_map {                 // This structure is overlayed 
....................            BOOLEAN enable;           // on to an I/O port to gain 
....................            BOOLEAN rs;               // access to the LCD pins. 
....................            BOOLEAN rw;               // The bits are allocated from 
....................            BOOLEAN unused;           // low order up.  ENABLE will 
....................            int     data : 4;         // be pin B0. 
....................         } lcd; 
....................  
....................  
.................... #if defined(__PCH__) 
.................... #if defined use_portb_lcd 
....................    #byte lcd = 0xF81                   // This puts the entire structure 
.................... #else 
....................    #byte lcd = 0xF83                   // This puts the entire structure 
.................... #endif 
.................... #else 
.................... #if defined use_portb_lcd 
....................    #byte lcd = 6                  // on to port B (at address 6) 
.................... #else 
....................    #byte lcd = 8                 // on to port D (at address 8) 
.................... #endif 
.................... #endif 
....................  
.................... #if defined use_portb_lcd 
....................    #define set_tris_lcd(x) set_tris_b(x) 
.................... #else 
....................    #define set_tris_lcd(x) set_tris_d(x) 
.................... #endif 
....................  
....................  
.................... #define lcd_type 2           // 0=5x7, 1=5x10, 2=2 lines 
.................... #define lcd_line_two 0x40    // LCD RAM address for the second line 
....................  
....................  
.................... BYTE const LCD_INIT_STRING[4] = {0x20 | (lcd_type << 2), 0xc, 1, 6}; 
....................                              // These bytes need to be sent to the LCD 
....................                              // to start it up. 
....................  
....................  
....................                              // The following are used for setting 
....................                              // the I/O port direction register. 
....................  
.................... struct lcd_pin_map const LCD_WRITE = {0,0,0,0,0}; // For write mode all pins are out 
.................... struct lcd_pin_map const LCD_READ = {0,0,0,0,15}; // For read mode data pins are in 
....................  
....................  
....................  
.................... BYTE lcd_read_byte() { 
....................       BYTE low,high; 
....................       set_tris_lcd(LCD_READ); 
*
003B:  MOVLW  F0
003C:  BSF    03.5
003D:  MOVWF  08
....................       lcd.rw = 1; 
003E:  BCF    03.5
003F:  BSF    08.2
....................       delay_cycles(1); 
0040:  NOP
....................       lcd.enable = 1; 
0041:  BSF    08.0
....................       delay_cycles(1); 
0042:  NOP
....................       high = lcd.data; 
0043:  MOVF   08,W
0044:  SWAPF  08,W
0045:  ANDLW  0F
0046:  MOVWF  2C
....................       lcd.enable = 0; 
0047:  BCF    08.0
....................       delay_cycles(1); 
0048:  NOP
....................       lcd.enable = 1; 
0049:  BSF    08.0
....................       delay_us(1); 
004A:  NOP
....................       low = lcd.data; 
004B:  MOVF   08,W
004C:  SWAPF  08,W
004D:  ANDLW  0F
004E:  MOVWF  2B
....................       lcd.enable = 0; 
004F:  BCF    08.0
....................       set_tris_lcd(LCD_WRITE); 
0050:  MOVLW  00
0051:  BSF    03.5
0052:  MOVWF  08
....................       return( (high<<4) | low); 
0053:  BCF    03.5
0054:  SWAPF  2C,W
0055:  MOVWF  77
0056:  MOVLW  F0
0057:  ANDWF  77,F
0058:  MOVF   77,W
0059:  IORWF  2B,W
005A:  MOVWF  78
.................... } 
....................  
....................  
.................... void lcd_send_nibble( BYTE n ) { 
....................       lcd.data = n; 
*
002D:  SWAPF  2C,W
002E:  ANDLW  F0
002F:  MOVWF  77
0030:  MOVLW  0F
0031:  ANDWF  08,W
0032:  IORWF  77,W
0033:  MOVWF  08
....................       delay_cycles(1); 
0034:  NOP
....................       lcd.enable = 1; 
0035:  BSF    08.0
....................       delay_us(2); 
0036:  NOP
0037:  NOP
....................       lcd.enable = 0; 
0038:  BCF    08.0
.................... } 
0039:  RETLW  00
....................  
....................  
.................... void lcd_send_byte( BYTE address, BYTE n ) { 
....................  
....................       lcd.rs = 0; 
003A:  BCF    08.1
....................       while ( bit_test(lcd_read_byte(),7) ) ; 
*
005B:  MOVF   78,W
005C:  MOVWF  2B
005D:  BTFSC  2B.7
005E:  GOTO   03B
....................       lcd.rs = address; 
005F:  BTFSS  29.0
0060:  BCF    08.1
0061:  BTFSC  29.0
0062:  BSF    08.1
....................       delay_cycles(1); 
0063:  NOP
....................       lcd.rw = 0; 
0064:  BCF    08.2
....................       delay_cycles(1); 
0065:  NOP
....................       lcd.enable = 0; 
0066:  BCF    08.0
....................       lcd_send_nibble(n >> 4); 
0067:  SWAPF  2A,W
0068:  MOVWF  2B
0069:  MOVLW  0F
006A:  ANDWF  2B,F
006B:  MOVF   2B,W
006C:  MOVWF  2C
006D:  CALL   02D
....................       lcd_send_nibble(n & 0xf); 
006E:  MOVF   2A,W
006F:  ANDLW  0F
0070:  MOVWF  2B
0071:  MOVWF  2C
0072:  CALL   02D
.................... } 
0073:  RETLW  00
....................  
....................  
.................... void lcd_init() { 
....................     BYTE i; 
....................     set_tris_lcd(LCD_WRITE); 
0074:  MOVLW  00
0075:  BSF    03.5
0076:  MOVWF  08
....................     lcd.rs = 0; 
0077:  BCF    03.5
0078:  BCF    08.1
....................     lcd.rw = 0; 
0079:  BCF    08.2
....................     lcd.enable = 0; 
007A:  BCF    08.0
....................     delay_ms(15); 
007B:  MOVLW  0F
007C:  MOVWF  25
007D:  CALL   018
....................     for(i=1;i<=3;++i) { 
007E:  MOVLW  01
007F:  MOVWF  23
0080:  MOVF   23,W
0081:  SUBLW  03
0082:  BTFSS  03.0
0083:  GOTO   08C
....................        lcd_send_nibble(3); 
0084:  MOVLW  03
0085:  MOVWF  2C
0086:  CALL   02D
....................        delay_ms(5); 
0087:  MOVLW  05
0088:  MOVWF  25
0089:  CALL   018
....................     } 
008A:  INCF   23,F
008B:  GOTO   080
....................     lcd_send_nibble(2); 
008C:  MOVLW  02
008D:  MOVWF  2C
008E:  CALL   02D
....................     for(i=0;i<=3;++i) 
008F:  CLRF   23
0090:  MOVF   23,W
0091:  SUBLW  03
0092:  BTFSS  03.0
0093:  GOTO   09D
....................        lcd_send_byte(0,LCD_INIT_STRING[i]); 
0094:  MOVF   23,W
0095:  CALL   004
0096:  MOVWF  24
0097:  CLRF   29
0098:  MOVF   24,W
0099:  MOVWF  2A
009A:  CALL   03A
009B:  INCF   23,F
009C:  GOTO   090
.................... } 
009D:  BCF    0A.3
009E:  BCF    0A.4
009F:  GOTO   0E1 (RETURN)
....................  
....................  
.................... void lcd_gotoxy( BYTE x, BYTE y) { 
....................    BYTE address; 
....................  
....................    if(y!=1) 
00A0:  DECFSZ 26,W
00A1:  GOTO   0A3
00A2:  GOTO   0A6
....................      address=lcd_line_two; 
00A3:  MOVLW  40
00A4:  MOVWF  27
....................    else 
00A5:  GOTO   0A7
....................      address=0; 
00A6:  CLRF   27
....................    address+=x-1; 
00A7:  MOVLW  01
00A8:  SUBWF  25,W
00A9:  ADDWF  27,F
....................    lcd_send_byte(0,0x80|address); 
00AA:  MOVF   27,W
00AB:  IORLW  80
00AC:  MOVWF  28
00AD:  CLRF   29
00AE:  MOVF   28,W
00AF:  MOVWF  2A
00B0:  CALL   03A
.................... } 
00B1:  RETLW  00
....................  
.................... void lcd_putc( char c) { 
....................    switch (c) { 
00B2:  MOVF   24,W
00B3:  XORLW  0C
00B4:  BTFSC  03.2
00B5:  GOTO   0BD
00B6:  XORLW  06
00B7:  BTFSC  03.2
00B8:  GOTO   0C5
00B9:  XORLW  02
00BA:  BTFSC  03.2
00BB:  GOTO   0CB
00BC:  GOTO   0D0
....................      case '\f'   : lcd_send_byte(0,1); 
00BD:  CLRF   29
00BE:  MOVLW  01
00BF:  MOVWF  2A
00C0:  CALL   03A
....................                    delay_ms(2); 
00C1:  MOVLW  02
00C2:  MOVWF  25
00C3:  CALL   018
....................                                            break; 
00C4:  GOTO   0D6
....................      case '\n'   : lcd_gotoxy(1,2);        break; 
00C5:  MOVLW  01
00C6:  MOVWF  25
00C7:  MOVLW  02
00C8:  MOVWF  26
00C9:  CALL   0A0
00CA:  GOTO   0D6
....................      case '\b'   : lcd_send_byte(0,0x10);  break; 
00CB:  CLRF   29
00CC:  MOVLW  10
00CD:  MOVWF  2A
00CE:  CALL   03A
00CF:  GOTO   0D6
....................      default     : lcd_send_byte(1,c);     break; 
00D0:  MOVLW  01
00D1:  MOVWF  29
00D2:  MOVF   24,W
00D3:  MOVWF  2A
00D4:  CALL   03A
00D5:  GOTO   0D6
....................    } 
.................... } 
00D6:  RETLW  00
....................  
.................... char lcd_getc( BYTE x, BYTE y) { 
....................    char value; 
....................  
....................     lcd_gotoxy(x,y); 
....................     while ( bit_test(lcd_read_byte(),7) ); // wait until busy flag is low 
....................     lcd.rs=1; 
....................     value = lcd_read_byte(); 
....................     lcd.rs=0; 
....................     return(value); 
.................... } 
....................  
.................... //DEFINICIONES GLOBALES 
.................... //Definiciones de Variables Globales 
.................... //declaración de subrutinas o Métodos 
.................... //Programa Principal 
.................... void main(){ 
00D7:  CLRF   04
00D8:  MOVLW  1F
00D9:  ANDWF  03,F
00DA:  BSF    03.5
00DB:  BSF    1F.0
00DC:  BSF    1F.1
00DD:  BSF    1F.2
00DE:  BCF    1F.3
.................... //Definiciones de Variables Locales 
.................... //Configuración de Puertos 
.................... //Inicializacion del LCD 
.................... int x, y; 
.................... lcd_init(); 
00DF:  BCF    03.5
00E0:  GOTO   074
.................... //Prueba de Definiciones globales 
.................... //Bucle principal 
....................   while(1){ 
....................      //Instrucciones del programa 
....................       
....................      for(x=0;x<=20;x+=2){ 
00E1:  CLRF   21
00E2:  MOVF   21,W
00E3:  SUBLW  14
00E4:  BTFSS  03.0
00E5:  GOTO   137
....................                     lcd_gotoxy(x-1,1); 
00E6:  MOVLW  01
00E7:  SUBWF  21,W
00E8:  MOVWF  23
00E9:  MOVWF  25
00EA:  MOVLW  01
00EB:  MOVWF  26
00EC:  CALL   0A0
....................                     lcd_putc("*"); 
00ED:  CLRF   23
00EE:  MOVF   23,W
00EF:  CALL   00C
00F0:  IORLW  00
00F1:  BTFSC  03.2
00F2:  GOTO   0F7
00F3:  INCF   23,F
00F4:  MOVWF  24
00F5:  CALL   0B2
00F6:  GOTO   0EE
....................                     delay_ms(400); 
00F7:  MOVLW  02
00F8:  MOVWF  23
00F9:  MOVLW  C8
00FA:  MOVWF  25
00FB:  CALL   018
00FC:  DECFSZ 23,F
00FD:  GOTO   0F9
....................                     lcd_gotoxy(x-1,1); 
00FE:  MOVLW  01
00FF:  SUBWF  21,W
0100:  MOVWF  23
0101:  MOVWF  25
0102:  MOVLW  01
0103:  MOVWF  26
0104:  CALL   0A0
....................                     lcd_putc(" "); 
0105:  CLRF   23
0106:  MOVF   23,W
0107:  CALL   012
0108:  IORLW  00
0109:  BTFSC  03.2
010A:  GOTO   10F
010B:  INCF   23,F
010C:  MOVWF  24
010D:  CALL   0B2
010E:  GOTO   106
....................                      
....................                      
....................                     lcd_gotoxy(x,2); 
010F:  MOVF   21,W
0110:  MOVWF  25
0111:  MOVLW  02
0112:  MOVWF  26
0113:  CALL   0A0
....................                     lcd_putc("*"); 
0114:  CLRF   23
0115:  MOVF   23,W
0116:  CALL   00C
0117:  IORLW  00
0118:  BTFSC  03.2
0119:  GOTO   11E
011A:  INCF   23,F
011B:  MOVWF  24
011C:  CALL   0B2
011D:  GOTO   115
....................           
....................  
....................          delay_ms(400); 
011E:  MOVLW  02
011F:  MOVWF  23
0120:  MOVLW  C8
0121:  MOVWF  25
0122:  CALL   018
0123:  DECFSZ 23,F
0124:  GOTO   120
....................          lcd_gotoxy(x,2); 
0125:  MOVF   21,W
0126:  MOVWF  25
0127:  MOVLW  02
0128:  MOVWF  26
0129:  CALL   0A0
....................          lcd_putc(" "); 
012A:  CLRF   23
012B:  MOVF   23,W
012C:  CALL   012
012D:  IORLW  00
012E:  BTFSC  03.2
012F:  GOTO   134
0130:  INCF   23,F
0131:  MOVWF  24
0132:  CALL   0B2
0133:  GOTO   12B
....................           
....................           
....................      } 
0134:  MOVLW  02
0135:  ADDWF  21,F
0136:  GOTO   0E2
....................  
....................   }//end while 
0137:  GOTO   0E1
.................... }//end main 
0138:  SLEEP

Configuration Fuses:
   Word  1: 3FF1   XT NOWDT PUT NOPROTECT BROWNOUT LVP NOCPD NOWRT NODEBUG
