
ROM used: 313 (4%)
          313 (4%) including unused fragments

          1 Average locations per line
          4 Average locations per statement

RAM used: 8 (5%) at main() level
          18 (10%) worst case

Lines Stmts  %   Files
----- ----- ---  -----
   41    15  19  C:\Users\josse\Documents\7 semestre\ChavaCano\programa 7\programa7.c
  280     0   0  C:\Program Files (x86)\PICC\devices\16f877.h
  180    63  68  C:\Program Files (x86)\PICC\drivers\lcd.c
----- -----
 1002   156 Total

Page ROM  %  RAM  Functions:
---- --- --- ---  ----------
0     21   7   1  @delay_ms1
0      8   3   0  @const43
0     13   4   1  lcd_send_nibble
0     58  19   3  lcd_send_byte
0     44  14   2  lcd_init
0     18   6   4  lcd_gotoxy
0     37  12   1  lcd_putc
0     98  31   3  main
0      6   2   0  @const10098
0      6   2   0  @const10104

 Segment   Used  Free
---------  ----  ----
00000-00003     4  0  
00004-007FF   309  1735  
00800-00FFF     0  2048  
01000-017FF     0  2048  
01800-01FFF     0  2048  

