
ROM used: 43 (1%)
          43 (1%) including unused fragments

          0 Average locations per line
          4 Average locations per statement

RAM used: 6 (3%) at main() level
          6 (3%) worst case

Lines Stmts  %   Files
----- ----- ---  -----
   29    11 100  C:\Users\carlo\OneDrive\Documentos\chavacano\programa 2\practica2.c
  280     0   0  C:\Program Files (x86)\PICC\devices\16f877.h
----- -----
  618    22 Total

Page ROM  %  RAM  Functions:
---- --- --- ---  ----------
0     39  91   1  main

 Segment   Used  Free
---------  ----  ----
00000-00003     4  0  
00004-007FF    39  2005  
00800-00FFF     0  2048  
01000-017FF     0  2048  
01800-01FFF     0  2048  

