
ROM used: 157 (2%)
          157 (2%) including unused fragments

          0 Average locations per line
          7 Average locations per statement

RAM used: 17 (10%) at main() level
          17 (10%) worst case

Lines Stmts  %   Files
----- ----- ---  -----
   49    22 100  C:\Users\josse\Documents\7 semestre\ChavaCano\programa3\programa3.c
  280     0   0  C:\Program Files (x86)\PICC\devices\16f877.h
----- -----
  658    44 Total

Page ROM  %  RAM  Functions:
---- --- --- ---  ----------
0    153  97  12  main

 Segment   Used  Free
---------  ----  ----
00000-00003     4  0  
00004-007FF   153  1891  
00800-00FFF     0  2048  
01000-017FF     0  2048  
01800-01FFF     0  2048  

