
ROM used: 326 (4%)
          326 (4%) including unused fragments

          1 Average locations per line
          4 Average locations per statement

RAM used: 8 (5%) at main() level
          18 (10%) worst case

Lines Stmts  %   Files
----- ----- ---  -----
   41    18  22  C:\Users\josse\Documents\7 semestre\ChavaCano\77\programa77.c
  306     0   0  C:\Program Files (x86)\PICC\devices\16f877A.h
  180    63  64  C:\Program Files (x86)\PICC\drivers\lcd.c
----- -----
 1054   162 Total

Page ROM  %  RAM  Functions:
---- --- --- ---  ----------
0     21   6   1  @delay_ms1
0      8   2   0  @const45
0      5   2   0  @const47
0     13   4   1  lcd_send_nibble
0     58  18   3  lcd_send_byte
0     44  13   2  lcd_init
0     18   6   4  lcd_gotoxy
0     37  11   1  lcd_putc
0    112  34   3  main
0      6   2   0  @const10098

 Segment   Used  Free
---------  ----  ----
00000-00003     4  0  
00004-007FF   322  1722  
00800-00FFF     0  2048  
01000-017FF     0  2048  
01800-01FFF     0  2048  

