CCS PCM C Compiler, Version 3.249, 28193               30-nov.-23 15:28

               Filename: C:\Users\josse\Documents\7 semestre\ChavaCano\77\programa77.lst

               ROM used: 326 words (4%)
                         Largest free fragment is 2048
               RAM used: 8 (5%) at main() level
                         18 (10%) worst case
               Stack:    4 locations

*
0000:  MOVLW  00
0001:  MOVWF  0A
0002:  GOTO   0D6
0003:  NOP
.................... #include <16f877A.h> 
.................... //////// Standard Header file for the PIC16F877A device //////////////// 
.................... #device PIC16F877A 
.................... #list 
....................  
.................... #FUSES XT,NOWDT,NOPROTECT,PUT 
.................... #USE DELAY( CLOCK=4000000) 
0017:  MOVLW  25
0018:  MOVWF  04
0019:  MOVF   00,W
001A:  BTFSC  03.2
001B:  GOTO   02B
001C:  MOVLW  01
001D:  MOVWF  78
001E:  CLRF   77
001F:  DECFSZ 77,F
0020:  GOTO   01F
0021:  DECFSZ 78,F
0022:  GOTO   01E
0023:  MOVLW  4A
0024:  MOVWF  77
0025:  DECFSZ 77,F
0026:  GOTO   025
0027:  NOP
0028:  NOP
0029:  DECFSZ 00,F
002A:  GOTO   01C
002B:  RETLW  00
.................... #include <lcd.c> 
.................... /////////////////////////////////////////////////////////////////////////// 
.................... ////                             LCDD.C                                //// 
.................... ////                 Driver for common LCD modules                     //// 
.................... ////                                                                   //// 
.................... ////  lcd_init()   Must be called before any other function.           //// 
.................... ////                                                                   //// 
.................... ////  lcd_putc(c)  Will display c on the next position of the LCD.     //// 
.................... ////                     The following have special meaning:           //// 
.................... ////                      \f  Clear display                            //// 
.................... ////                      \n  Go to start of second line               //// 
.................... ////                      \b  Move back one position                   //// 
.................... ////                                                                   //// 
.................... ////  lcd_gotoxy(x,y) Set write position on LCD (upper left is 1,1)    //// 
.................... ////                                                                   //// 
.................... ////  lcd_getc(x,y)   Returns character at position x,y on LCD         //// 
.................... ////                                                                   //// 
.................... /////////////////////////////////////////////////////////////////////////// 
.................... ////        (C) Copyright 1996,2003 Custom Computer Services           //// 
.................... //// This source code may only be used by licensed users of the CCS C  //// 
.................... //// compiler.  This source code may only be distributed to other      //// 
.................... //// licensed users of the CCS C compiler.  No other use, reproduction //// 
.................... //// or distribution is permitted without written permission.          //// 
.................... //// Derivative programs created using this software in object code    //// 
.................... //// form are not restricted in any way.                               //// 
.................... /////////////////////////////////////////////////////////////////////////// 
....................  
.................... // As defined in the following structure the pin connection is as follows: 
.................... //     D0  enable 
.................... //     D1  rs 
.................... //     D2  rw 
.................... //     D4  D4 
.................... //     D5  D5 
.................... //     D6  D6 
.................... //     D7  D7 
.................... // 
.................... //   LCD pins D0-D3 are not used and PIC D3 is not used. 
....................  
.................... // Un-comment the following define to use port B 
.................... // #define use_portb_lcd TRUE 
....................  
....................  
.................... struct lcd_pin_map {                 // This structure is overlayed 
....................            BOOLEAN enable;           // on to an I/O port to gain 
....................            BOOLEAN rs;               // access to the LCD pins. 
....................            BOOLEAN rw;               // The bits are allocated from 
....................            BOOLEAN unused;           // low order up.  ENABLE will 
....................            int     data : 4;         // be pin B0. 
....................         } lcd; 
....................  
....................  
.................... #if defined(__PCH__) 
.................... #if defined use_portb_lcd 
....................    #byte lcd = 0xF81                   // This puts the entire structure 
.................... #else 
....................    #byte lcd = 0xF83                   // This puts the entire structure 
.................... #endif 
.................... #else 
.................... #if defined use_portb_lcd 
....................    #byte lcd = 6                  // on to port B (at address 6) 
.................... #else 
....................    #byte lcd = 8                 // on to port D (at address 8) 
.................... #endif 
.................... #endif 
....................  
.................... #if defined use_portb_lcd 
....................    #define set_tris_lcd(x) set_tris_b(x) 
.................... #else 
....................    #define set_tris_lcd(x) set_tris_d(x) 
.................... #endif 
....................  
....................  
.................... #define lcd_type 2           // 0=5x7, 1=5x10, 2=2 lines 
.................... #define lcd_line_two 0x40    // LCD RAM address for the second line 
....................  
....................  
.................... BYTE const LCD_INIT_STRING[4] = {0x20 | (lcd_type << 2), 0xc, 1, 6}; 
....................                              // These bytes need to be sent to the LCD 
....................                              // to start it up. 
....................  
....................  
....................                              // The following are used for setting 
....................                              // the I/O port direction register. 
....................  
.................... struct lcd_pin_map const LCD_WRITE = {0,0,0,0,0}; // For write mode all pins are out 
.................... struct lcd_pin_map const LCD_READ = {0,0,0,0,15}; // For read mode data pins are in 
....................  
....................  
....................  
.................... BYTE lcd_read_byte() { 
....................       BYTE low,high; 
....................       set_tris_lcd(LCD_READ); 
*
003A:  MOVLW  F0
003B:  BSF    03.5
003C:  MOVWF  08
....................       lcd.rw = 1; 
003D:  BCF    03.5
003E:  BSF    08.2
....................       delay_cycles(1); 
003F:  NOP
....................       lcd.enable = 1; 
0040:  BSF    08.0
....................       delay_cycles(1); 
0041:  NOP
....................       high = lcd.data; 
0042:  MOVF   08,W
0043:  SWAPF  08,W
0044:  ANDLW  0F
0045:  MOVWF  2C
....................       lcd.enable = 0; 
0046:  BCF    08.0
....................       delay_cycles(1); 
0047:  NOP
....................       lcd.enable = 1; 
0048:  BSF    08.0
....................       delay_us(1); 
0049:  NOP
....................       low = lcd.data; 
004A:  MOVF   08,W
004B:  SWAPF  08,W
004C:  ANDLW  0F
004D:  MOVWF  2B
....................       lcd.enable = 0; 
004E:  BCF    08.0
....................       set_tris_lcd(LCD_WRITE); 
004F:  MOVLW  00
0050:  BSF    03.5
0051:  MOVWF  08
....................       return( (high<<4) | low); 
0052:  BCF    03.5
0053:  SWAPF  2C,W
0054:  MOVWF  77
0055:  MOVLW  F0
0056:  ANDWF  77,F
0057:  MOVF   77,W
0058:  IORWF  2B,W
0059:  MOVWF  78
.................... } 
....................  
....................  
.................... void lcd_send_nibble( BYTE n ) { 
....................       lcd.data = n; 
*
002C:  SWAPF  2C,W
002D:  ANDLW  F0
002E:  MOVWF  77
002F:  MOVLW  0F
0030:  ANDWF  08,W
0031:  IORWF  77,W
0032:  MOVWF  08
....................       delay_cycles(1); 
0033:  NOP
....................       lcd.enable = 1; 
0034:  BSF    08.0
....................       delay_us(2); 
0035:  NOP
0036:  NOP
....................       lcd.enable = 0; 
0037:  BCF    08.0
.................... } 
0038:  RETLW  00
....................  
....................  
.................... void lcd_send_byte( BYTE address, BYTE n ) { 
....................  
....................       lcd.rs = 0; 
0039:  BCF    08.1
....................       while ( bit_test(lcd_read_byte(),7) ) ; 
*
005A:  MOVF   78,W
005B:  MOVWF  2B
005C:  BTFSC  2B.7
005D:  GOTO   03A
....................       lcd.rs = address; 
005E:  BTFSS  29.0
005F:  BCF    08.1
0060:  BTFSC  29.0
0061:  BSF    08.1
....................       delay_cycles(1); 
0062:  NOP
....................       lcd.rw = 0; 
0063:  BCF    08.2
....................       delay_cycles(1); 
0064:  NOP
....................       lcd.enable = 0; 
0065:  BCF    08.0
....................       lcd_send_nibble(n >> 4); 
0066:  SWAPF  2A,W
0067:  MOVWF  2B
0068:  MOVLW  0F
0069:  ANDWF  2B,F
006A:  MOVF   2B,W
006B:  MOVWF  2C
006C:  CALL   02C
....................       lcd_send_nibble(n & 0xf); 
006D:  MOVF   2A,W
006E:  ANDLW  0F
006F:  MOVWF  2B
0070:  MOVWF  2C
0071:  CALL   02C
.................... } 
0072:  RETLW  00
....................  
....................  
.................... void lcd_init() { 
....................     BYTE i; 
....................     set_tris_lcd(LCD_WRITE); 
0073:  MOVLW  00
0074:  BSF    03.5
0075:  MOVWF  08
....................     lcd.rs = 0; 
0076:  BCF    03.5
0077:  BCF    08.1
....................     lcd.rw = 0; 
0078:  BCF    08.2
....................     lcd.enable = 0; 
0079:  BCF    08.0
....................     delay_ms(15); 
007A:  MOVLW  0F
007B:  MOVWF  25
007C:  CALL   017
....................     for(i=1;i<=3;++i) { 
007D:  MOVLW  01
007E:  MOVWF  23
007F:  MOVF   23,W
0080:  SUBLW  03
0081:  BTFSS  03.0
0082:  GOTO   08B
....................        lcd_send_nibble(3); 
0083:  MOVLW  03
0084:  MOVWF  2C
0085:  CALL   02C
....................        delay_ms(5); 
0086:  MOVLW  05
0087:  MOVWF  25
0088:  CALL   017
....................     } 
0089:  INCF   23,F
008A:  GOTO   07F
....................     lcd_send_nibble(2); 
008B:  MOVLW  02
008C:  MOVWF  2C
008D:  CALL   02C
....................     for(i=0;i<=3;++i) 
008E:  CLRF   23
008F:  MOVF   23,W
0090:  SUBLW  03
0091:  BTFSS  03.0
0092:  GOTO   09C
....................        lcd_send_byte(0,LCD_INIT_STRING[i]); 
0093:  MOVF   23,W
0094:  CALL   004
0095:  MOVWF  24
0096:  CLRF   29
0097:  MOVF   24,W
0098:  MOVWF  2A
0099:  CALL   039
009A:  INCF   23,F
009B:  GOTO   08F
.................... } 
009C:  BCF    0A.3
009D:  BCF    0A.4
009E:  GOTO   0E2 (RETURN)
....................  
....................  
.................... void lcd_gotoxy( BYTE x, BYTE y) { 
....................    BYTE address; 
....................  
....................    if(y!=1) 
009F:  DECFSZ 26,W
00A0:  GOTO   0A2
00A1:  GOTO   0A5
....................      address=lcd_line_two; 
00A2:  MOVLW  40
00A3:  MOVWF  27
....................    else 
00A4:  GOTO   0A6
....................      address=0; 
00A5:  CLRF   27
....................    address+=x-1; 
00A6:  MOVLW  01
00A7:  SUBWF  25,W
00A8:  ADDWF  27,F
....................    lcd_send_byte(0,0x80|address); 
00A9:  MOVF   27,W
00AA:  IORLW  80
00AB:  MOVWF  28
00AC:  CLRF   29
00AD:  MOVF   28,W
00AE:  MOVWF  2A
00AF:  CALL   039
.................... } 
00B0:  RETLW  00
....................  
.................... void lcd_putc( char c) { 
....................    switch (c) { 
00B1:  MOVF   24,W
00B2:  XORLW  0C
00B3:  BTFSC  03.2
00B4:  GOTO   0BC
00B5:  XORLW  06
00B6:  BTFSC  03.2
00B7:  GOTO   0C4
00B8:  XORLW  02
00B9:  BTFSC  03.2
00BA:  GOTO   0CA
00BB:  GOTO   0CF
....................      case '\f'   : lcd_send_byte(0,1); 
00BC:  CLRF   29
00BD:  MOVLW  01
00BE:  MOVWF  2A
00BF:  CALL   039
....................                    delay_ms(2); 
00C0:  MOVLW  02
00C1:  MOVWF  25
00C2:  CALL   017
....................                                            break; 
00C3:  GOTO   0D5
....................      case '\n'   : lcd_gotoxy(1,2);        break; 
00C4:  MOVLW  01
00C5:  MOVWF  25
00C6:  MOVLW  02
00C7:  MOVWF  26
00C8:  CALL   09F
00C9:  GOTO   0D5
....................      case '\b'   : lcd_send_byte(0,0x10);  break; 
00CA:  CLRF   29
00CB:  MOVLW  10
00CC:  MOVWF  2A
00CD:  CALL   039
00CE:  GOTO   0D5
....................      default     : lcd_send_byte(1,c);     break; 
00CF:  MOVLW  01
00D0:  MOVWF  29
00D1:  MOVF   24,W
00D2:  MOVWF  2A
00D3:  CALL   039
00D4:  GOTO   0D5
....................    } 
.................... } 
00D5:  RETLW  00
....................  
.................... char lcd_getc( BYTE x, BYTE y) { 
....................    char value; 
....................  
....................     lcd_gotoxy(x,y); 
....................     while ( bit_test(lcd_read_byte(),7) ); // wait until busy flag is low 
....................     lcd.rs=1; 
....................     value = lcd_read_byte(); 
....................     lcd.rs=0; 
....................     return(value); 
.................... } 
....................  
.................... //DEFINICIONES GLOBALES 
.................... //Definiciones de Variables Globales 
.................... //declaración de subrutinas o Métodos 
.................... //Programa Principal 
.................... void main(){ 
00D6:  CLRF   04
00D7:  MOVLW  1F
00D8:  ANDWF  03,F
00D9:  BSF    03.5
00DA:  BSF    1F.0
00DB:  BSF    1F.1
00DC:  BSF    1F.2
00DD:  BCF    1F.3
00DE:  MOVLW  07
00DF:  MOVWF  1C
.................... //Definiciones de Variables Locales 
.................... //Configuración de Puertos 
.................... //Inicializacion del LCD 
.................... int x, y; 
.................... lcd_init(); 
00E0:  BCF    03.5
00E1:  GOTO   073
.................... //Prueba de Definiciones globales 
.................... //Bucle principal 
....................   while(TRUE){ 
....................        for(x=0; x<=16; x=x+2){ 
00E2:  CLRF   21
00E3:  MOVF   21,W
00E4:  SUBLW  10
00E5:  BTFSS  03.0
00E6:  GOTO   144
....................  
....................        lcd_gotoxy(x,1); 
00E7:  MOVF   21,W
00E8:  MOVWF  25
00E9:  MOVLW  01
00EA:  MOVWF  26
00EB:  CALL   09F
....................        lcd_putc("*"); 
00EC:  CLRF   23
00ED:  MOVF   23,W
00EE:  CALL   011
00EF:  IORLW  00
00F0:  BTFSC  03.2
00F1:  GOTO   0F6
00F2:  INCF   23,F
00F3:  MOVWF  24
00F4:  CALL   0B1
00F5:  GOTO   0ED
....................        delay_ms(400); 
00F6:  MOVLW  02
00F7:  MOVWF  23
00F8:  MOVLW  C8
00F9:  MOVWF  25
00FA:  CALL   017
00FB:  DECFSZ 23,F
00FC:  GOTO   0F8
....................        lcd_gotoxy(x,1); 
00FD:  MOVF   21,W
00FE:  MOVWF  25
00FF:  MOVLW  01
0100:  MOVWF  26
0101:  CALL   09F
....................        lcd_putc(""); 
0102:  CLRF   23
0103:  MOVF   23,W
0104:  CALL   00C
0105:  IORLW  00
0106:  BTFSC  03.2
0107:  GOTO   10C
0108:  INCF   23,F
0109:  MOVWF  24
010A:  CALL   0B1
010B:  GOTO   103
....................        delay_ms(400); 
010C:  MOVLW  02
010D:  MOVWF  23
010E:  MOVLW  C8
010F:  MOVWF  25
0110:  CALL   017
0111:  DECFSZ 23,F
0112:  GOTO   10E
....................  
....................        x=x+2; 
0113:  MOVLW  02
0114:  ADDWF  21,F
....................  
....................        lcd_gotoxy(x,3); 
0115:  MOVF   21,W
0116:  MOVWF  25
0117:  MOVLW  03
0118:  MOVWF  26
0119:  CALL   09F
....................        lcd_putc("*"); 
011A:  CLRF   23
011B:  MOVF   23,W
011C:  CALL   011
011D:  IORLW  00
011E:  BTFSC  03.2
011F:  GOTO   124
0120:  INCF   23,F
0121:  MOVWF  24
0122:  CALL   0B1
0123:  GOTO   11B
....................        delay_ms(400); 
0124:  MOVLW  02
0125:  MOVWF  23
0126:  MOVLW  C8
0127:  MOVWF  25
0128:  CALL   017
0129:  DECFSZ 23,F
012A:  GOTO   126
....................        lcd_gotoxy(x,3); 
012B:  MOVF   21,W
012C:  MOVWF  25
012D:  MOVLW  03
012E:  MOVWF  26
012F:  CALL   09F
....................        lcd_putc(""); 
0130:  CLRF   23
0131:  MOVF   23,W
0132:  CALL   00C
0133:  IORLW  00
0134:  BTFSC  03.2
0135:  GOTO   13A
0136:  INCF   23,F
0137:  MOVWF  24
0138:  CALL   0B1
0139:  GOTO   131
....................        delay_ms(400); 
013A:  MOVLW  02
013B:  MOVWF  23
013C:  MOVLW  C8
013D:  MOVWF  25
013E:  CALL   017
013F:  DECFSZ 23,F
0140:  GOTO   13C
....................  
....................  
....................      } 
0141:  MOVLW  02
0142:  ADDWF  21,F
0143:  GOTO   0E3
....................  
....................   }//end while 
0144:  GOTO   0E2
.................... }//end main 
0145:  SLEEP

Configuration Fuses:
   Word  1: 3FF1   XT NOWDT PUT NODEBUG NOPROTECT BROWNOUT LVP NOCPD NOWRT
