
ROM used: 81 (1%)
          81 (1%) including unused fragments

          0 Average locations per line
          12 Average locations per statement

RAM used: 17 (10%) at main() level
          18 (10%) worst case

Lines Stmts  %   Files
----- ----- ---  -----
   26     7 100  C:\Users\josse\Documents\7 semestre\ChavaCano\programa5\programa5.c
  280     0   0  C:\Program Files (x86)\PICC\devices\16f877.h
----- -----
  612    14 Total

Page ROM  %  RAM  Functions:
---- --- --- ---  ----------
0     21  26   1  @delay_ms1
0     56  69  12  main

 Segment   Used  Free
---------  ----  ----
00000-00003     4  0  
00004-007FF    77  1967  
00800-00FFF     0  2048  
01000-017FF     0  2048  
01800-01FFF     0  2048  

