CCS PCM C Compiler, Version 3.249, 28193               25-oct.-23 08:43

               Filename: C:\Users\josse\Documents\7 semestre\ChavaCano\programa5\programa5.lst

               ROM used: 81 words (1%)
                         Largest free fragment is 2048
               RAM used: 17 (10%) at main() level
                         18 (10%) worst case
               Stack:    1 locations

*
0000:  MOVLW  00
0001:  MOVWF  0A
0002:  GOTO   019
0003:  NOP
.................... #include <16f877.h> 
.................... //////// Standard Header file for the PIC16F877 device //////////////// 
.................... #device PIC16F877 
.................... #list 
....................  
.................... #FUSES XT,NOWDT,NOPROTECT,PUT 
.................... #USE DELAY( CLOCK=20000000) 
0004:  MOVLW  2D
0005:  MOVWF  04
0006:  MOVF   00,W
0007:  BTFSC  03.2
0008:  GOTO   016
0009:  MOVLW  06
000A:  MOVWF  78
000B:  CLRF   77
000C:  DECFSZ 77,F
000D:  GOTO   00C
000E:  DECFSZ 78,F
000F:  GOTO   00B
0010:  MOVLW  7B
0011:  MOVWF  77
0012:  DECFSZ 77,F
0013:  GOTO   012
0014:  DECFSZ 00,F
0015:  GOTO   009
0016:  BCF    0A.3
0017:  BCF    0A.4
0018:  GOTO   047 (RETURN)
.................... //DEFINICIONES GLOBALES 
.................... //Definiciones de Variables Globales 
.................... //declaración de subrutinas o Métodos 
.................... //Programa Principal 
.................... void main(){ 
0019:  CLRF   04
001A:  MOVLW  1F
001B:  ANDWF  03,F
001C:  BSF    03.5
001D:  BSF    1F.0
001E:  BSF    1F.1
001F:  BSF    1F.2
0020:  BCF    1F.3
.................... //Definiciones de Variables Locales 
.................... //output_d(0x00);//para borrar la entrada de los puertos  
.................... int ochopinocho[]={0x3f,0x06,0x5b,0x4f,0x66,0x6d,0x7d,0x07,0x7f,0x6f}; 
0021:  MOVLW  3F
0022:  BCF    03.5
0023:  MOVWF  21
0024:  MOVLW  06
0025:  MOVWF  22
0026:  MOVLW  5B
0027:  MOVWF  23
0028:  MOVLW  4F
0029:  MOVWF  24
002A:  MOVLW  66
002B:  MOVWF  25
002C:  MOVLW  6D
002D:  MOVWF  26
002E:  MOVLW  7D
002F:  MOVWF  27
0030:  MOVLW  07
0031:  MOVWF  28
0032:  MOVLW  7F
0033:  MOVWF  29
0034:  MOVLW  6F
0035:  MOVWF  2A
.................... int c; 
.................... //Configuración de Puertos 
.................... //Prueba de Definiciones globales 
.................... //Bucle principal 
....................   while(1){ 
....................      //Instrucciones del programa 
....................      for(c=9;c>=0;c--){ 
0036:  MOVLW  09
0037:  MOVWF  2B
....................         output_d(ochopinocho[c]); 
0038:  MOVLW  21
0039:  ADDWF  2B,W
003A:  MOVWF  04
003B:  MOVF   00,W
003C:  MOVWF  2C
003D:  BSF    03.5
003E:  CLRF   08
003F:  BCF    03.5
0040:  MOVF   2C,W
0041:  MOVWF  08
....................         delay_ms(1000);   
0042:  MOVLW  04
0043:  MOVWF  2C
0044:  MOVLW  FA
0045:  MOVWF  2D
0046:  GOTO   004
0047:  DECFSZ 2C,F
0048:  GOTO   044
....................      } 
0049:  DECF   2B,F
004A:  GOTO   038
....................      
....................   }//end while 
004B:  GOTO   036
....................   output_d(0x00);//para borrar la entrada de los puertos  
004C:  BSF    03.5
004D:  CLRF   08
004E:  BCF    03.5
004F:  CLRF   08
.................... }//end main 
0050:  SLEEP

Configuration Fuses:
   Word  1: 3FF1   XT NOWDT PUT NOPROTECT BROWNOUT LVP NOCPD NOWRT NODEBUG
