CCS PCM C Compiler, Version 3.249, 28193               29-nov.-23 09:12

               Filename: C:\Users\josse\Documents\7 semestre\ChavaCano\programa6\programa6.lst

               ROM used: 93 words (1%)
                         Largest free fragment is 2048
               RAM used: 19 (11%) at main() level
                         19 (11%) worst case
               Stack:    1 locations

*
0000:  MOVLW  00
0001:  MOVWF  0A
0002:  GOTO   019
0003:  NOP
.................... #include <16f877.h> 
.................... //////// Standard Header file for the PIC16F877 device //////////////// 
.................... #device PIC16F877 
.................... #list 
....................  
.................... #FUSES XT,NOWDT,NOPROTECT,PUT 
.................... #USE DELAY( CLOCK=20000000) 
0004:  MOVLW  2D
0005:  MOVWF  04
0006:  MOVF   00,W
0007:  BTFSC  03.2
0008:  GOTO   016
0009:  MOVLW  06
000A:  MOVWF  78
000B:  CLRF   77
000C:  DECFSZ 77,F
000D:  GOTO   00C
000E:  DECFSZ 78,F
000F:  GOTO   00B
0010:  MOVLW  7B
0011:  MOVWF  77
0012:  DECFSZ 77,F
0013:  GOTO   012
0014:  DECFSZ 00,F
0015:  GOTO   009
0016:  BCF    0A.3
0017:  BCF    0A.4
0018:  GOTO   055 (RETURN)
.................... //DEFINICIONES GLOBALES 
.................... //Definiciones de Variables Globales 
.................... //declaración de subrutinas o Métodos 
.................... //Programa Principal 
.................... void main(){ 
0019:  CLRF   04
001A:  MOVLW  1F
001B:  ANDWF  03,F
001C:  BSF    03.5
001D:  BSF    1F.0
001E:  BSF    1F.1
001F:  BSF    1F.2
0020:  BCF    1F.3
.................... //Definiciones de Variables Locales 
.................... //output_d(0x00);//para borrar la entrada de los puertos 
.................... int ochopinocho[]={0x3f,0x06,0x5b,0x4f,0x66,0x6d,0x7d,0x07,0x7f,0x6f}; 
*
0024:  MOVLW  3F
0025:  MOVWF  21
0026:  MOVLW  06
0027:  MOVWF  22
0028:  MOVLW  5B
0029:  MOVWF  23
002A:  MOVLW  4F
002B:  MOVWF  24
002C:  MOVLW  66
002D:  MOVWF  25
002E:  MOVLW  6D
002F:  MOVWF  26
0030:  MOVLW  7D
0031:  MOVWF  27
0032:  MOVLW  07
0033:  MOVWF  28
0034:  MOVLW  7F
0035:  MOVWF  29
0036:  MOVLW  6F
0037:  MOVWF  2A
.................... int c; 
.................... int i=0; 
0038:  CLRF   2C
.................... //Configuración de Puertos 
.................... //Prueba de Definiciones globales 
.................... //Bucle principal 
....................   while(1){ 
....................      //Instrucciones del programa 
....................      if(input_state(PIN_A3)==1){ 
0039:  MOVLW  00
003A:  BTFSC  05.3
003B:  MOVLW  01
003C:  SUBLW  01
003D:  BTFSS  03.2
003E:  GOTO   052
....................        if(i>=9){ 
003F:  MOVF   2C,W
0040:  SUBLW  08
0041:  BTFSC  03.0
0042:  GOTO   045
....................          i=0; 
0043:  CLRF   2C
....................        }else{ 
0044:  GOTO   052
....................                     i++; 
0045:  INCF   2C,F
....................                     output_c(ochopinocho[i]); 
*
0021:  MOVLW  FF
0022:  BCF    03.5
0023:  MOVWF  20
*
0046:  MOVLW  21
0047:  ADDWF  2C,W
0048:  MOVWF  04
0049:  MOVF   00,W
004A:  MOVWF  2D
004B:  MOVLW  00
004C:  MOVWF  20
004D:  BSF    03.5
004E:  CLRF   07
004F:  BCF    03.5
0050:  MOVF   2D,W
0051:  MOVWF  07
....................        } 
....................  
....................      }//si oprimimos el botun que esta conectado al pin b0 
....................  
....................         delay_ms(250); 
0052:  MOVLW  FA
0053:  MOVWF  2D
0054:  GOTO   004
....................   }//end while 
0055:  GOTO   039
....................   output_c(0x00);//para borrar la entrada de los puertos 
0056:  MOVLW  00
0057:  MOVWF  20
0058:  BSF    03.5
0059:  CLRF   07
005A:  BCF    03.5
005B:  CLRF   07
.................... }//end main 
005C:  SLEEP

Configuration Fuses:
   Word  1: 3FF1   XT NOWDT PUT NOPROTECT BROWNOUT LVP NOCPD NOWRT NODEBUG
