
ROM used: 159 (2%)
          159 (2%) including unused fragments

          0 Average locations per line
          5 Average locations per statement

RAM used: 8 (5%) at main() level
          8 (5%) worst case

Lines Stmts  %   Files
----- ----- ---  -----
   44    30 100  C:\Users\josse\Documents\7 semestre\ChavaCano\pro\programa6.c
  306     0   0  C:\Program Files (x86)\PICC\devices\16F877A.h
----- -----
  700    60 Total

Page ROM  %  RAM  Functions:
---- --- --- ---  ----------
0     21  13   1  @delay_ms1
0     14   9   0  @const39
0    120  75   1  main

 Segment   Used  Free
---------  ----  ----
00000-00003     4  0  
00004-007FF   155  1889  
00800-00FFF     0  2048  
01000-017FF     0  2048  
01800-01FFF     0  2048  

